{"/Users/louisberesford/Desktop/webApp/zedify_hub/src/App.js": {"path":"/Users/louisberesford/Desktop/webApp/zedify_hub/src/App.js","statementMap":{"0":{"start":{"line":11,"column":12},"end":{"line":60,"column":1}},"1":{"start":{"line":12,"column":34},"end":{"line":12,"column":44}},"2":{"start":{"line":13,"column":34},"end":{"line":13,"column":48}},"3":{"start":{"line":15,"column":21},"end":{"line":24,"column":3}},"4":{"start":{"line":17,"column":4},"end":{"line":17,"column":27}},"5":{"start":{"line":19,"column":21},"end":{"line":19,"column":47}},"6":{"start":{"line":20,"column":22},"end":{"line":20,"column":50}},"7":{"start":{"line":21,"column":4},"end":{"line":21,"column":27}},"8":{"start":{"line":23,"column":4},"end":{"line":23,"column":22}},"9":{"start":{"line":26,"column":2},"end":{"line":59,"column":4}}},"fnMap":{"0":{"name":"(anonymous_0)","decl":{"start":{"line":11,"column":12},"end":{"line":11,"column":13}},"loc":{"start":{"line":11,"column":18},"end":{"line":60,"column":1}},"line":11},"1":{"name":"(anonymous_1)","decl":{"start":{"line":15,"column":21},"end":{"line":15,"column":22}},"loc":{"start":{"line":15,"column":32},"end":{"line":24,"column":3}},"line":15}},"branchMap":{"0":{"loc":{"start":{"line":28,"column":7},"end":{"line":57,"column":7}},"type":"cond-expr","locations":[{"start":{"line":29,"column":8},"end":{"line":45,"column":11}},{"start":{"line":47,"column":8},"end":{"line":56,"column":11}}],"line":28}},"s":{"0":1,"1":1,"2":1,"3":1,"4":0,"5":0,"6":0,"7":0,"8":0,"9":1},"f":{"0":1,"1":0},"b":{"0":[0,1]},"_coverageSchema":"1a1c01bbd47fc00a2c39e90264f33305004495a9","hash":"880446e5b33baebf3f6d9cff9725b3c70d1dc9ae"}
,"/Users/louisberesford/Desktop/webApp/zedify_hub/src/components/Navbar.js": {"path":"/Users/louisberesford/Desktop/webApp/zedify_hub/src/components/Navbar.js","statementMap":{"0":{"start":{"line":13,"column":18},"end":{"line":32,"column":3}},"1":{"start":{"line":13,"column":41},"end":{"line":32,"column":1}},"2":{"start":{"line":35,"column":18},"end":{"line":35,"column":29}},"3":{"start":{"line":38,"column":24},"end":{"line":47,"column":3}},"4":{"start":{"line":39,"column":4},"end":{"line":39,"column":27}},"5":{"start":{"line":40,"column":17},"end":{"line":42,"column":5}},"6":{"start":{"line":43,"column":4},"end":{"line":46,"column":5}},"7":{"start":{"line":44,"column":6},"end":{"line":44,"column":26}},"8":{"start":{"line":45,"column":6},"end":{"line":45,"column":31}},"9":{"start":{"line":49,"column":2},"end":{"line":72,"column":4}},"10":{"start":{"line":66,"column":63},"end":{"line":66,"column":78}}},"fnMap":{"0":{"name":"(anonymous_0)","decl":{"start":{"line":13,"column":29},"end":{"line":13,"column":30}},"loc":{"start":{"line":13,"column":41},"end":{"line":32,"column":1}},"line":13},"1":{"name":"Navbar","decl":{"start":{"line":34,"column":9},"end":{"line":34,"column":15}},"loc":{"start":{"line":34,"column":23},"end":{"line":73,"column":1}},"line":34},"2":{"name":"(anonymous_2)","decl":{"start":{"line":38,"column":24},"end":{"line":38,"column":25}},"loc":{"start":{"line":38,"column":30},"end":{"line":47,"column":3}},"line":38},"3":{"name":"(anonymous_3)","decl":{"start":{"line":66,"column":57},"end":{"line":66,"column":58}},"loc":{"start":{"line":66,"column":63},"end":{"line":66,"column":78}},"line":66}},"branchMap":{"0":{"loc":{"start":{"line":43,"column":4},"end":{"line":46,"column":5}},"type":"if","locations":[{"start":{"line":43,"column":4},"end":{"line":46,"column":5}},{"start":{},"end":{}}],"line":43}},"s":{"0":1,"1":1,"2":1,"3":1,"4":0,"5":0,"6":0,"7":0,"8":0,"9":1,"10":0},"f":{"0":1,"1":1,"2":0,"3":0},"b":{"0":[0,0]},"_coverageSchema":"1a1c01bbd47fc00a2c39e90264f33305004495a9","hash":"75be7fecf334ef2a11461d8144b401f50776960e"}
,"/Users/louisberesford/Desktop/webApp/zedify_hub/src/components/table.js": {"path":"/Users/louisberesford/Desktop/webApp/zedify_hub/src/components/table.js","statementMap":{"0":{"start":{"line":13,"column":15},"end":{"line":57,"column":1}},"1":{"start":{"line":65,"column":16},"end":{"line":65,"column":44}},"2":{"start":{"line":66,"column":28},"end":{"line":66,"column":56}},"3":{"start":{"line":67,"column":19},"end":{"line":69,"column":9}},"4":{"start":{"line":68,"column":4},"end":{"line":68,"column":40}},"5":{"start":{"line":71,"column":2},"end":{"line":90,"column":4}},"6":{"start":{"line":75,"column":8},"end":{"line":75,"column":33}},"7":{"start":{"line":76,"column":8},"end":{"line":76,"column":33}},"8":{"start":{"line":113,"column":6},"end":{"line":123,"column":3}},"9":{"start":{"line":129,"column":2},"end":{"line":216,"column":4}},"10":{"start":{"line":149,"column":12},"end":{"line":155,"column":17}},"11":{"start":{"line":151,"column":16},"end":{"line":153,"column":21}},"12":{"start":{"line":160,"column":12},"end":{"line":160,"column":28}},"13":{"start":{"line":161,"column":12},"end":{"line":173,"column":14}},"14":{"start":{"line":165,"column":18},"end":{"line":167,"column":19}},"15":{"start":{"line":166,"column":20},"end":{"line":166,"column":63}},"16":{"start":{"line":168,"column":18},"end":{"line":170,"column":20}},"17":{"start":{"line":192,"column":33},"end":{"line":192,"column":44}},"18":{"start":{"line":195,"column":33},"end":{"line":195,"column":47}},"19":{"start":{"line":198,"column":33},"end":{"line":198,"column":43}},"20":{"start":{"line":202,"column":27},"end":{"line":202,"column":50}}},"fnMap":{"0":{"name":"GlobalFilter","decl":{"start":{"line":60,"column":9},"end":{"line":60,"column":21}},"loc":{"start":{"line":64,"column":3},"end":{"line":91,"column":1}},"line":64},"1":{"name":"(anonymous_1)","decl":{"start":{"line":67,"column":36},"end":{"line":67,"column":37}},"loc":{"start":{"line":67,"column":47},"end":{"line":69,"column":3}},"line":67},"2":{"name":"(anonymous_2)","decl":{"start":{"line":74,"column":16},"end":{"line":74,"column":17}},"loc":{"start":{"line":74,"column":23},"end":{"line":77,"column":7}},"line":74},"3":{"name":"Table","decl":{"start":{"line":93,"column":9},"end":{"line":93,"column":14}},"loc":{"start":{"line":93,"column":50},"end":{"line":217,"column":1}},"line":93},"4":{"name":"(anonymous_4)","decl":{"start":{"line":148,"column":28},"end":{"line":148,"column":29}},"loc":{"start":{"line":149,"column":12},"end":{"line":155,"column":17}},"line":149},"5":{"name":"(anonymous_5)","decl":{"start":{"line":150,"column":39},"end":{"line":150,"column":40}},"loc":{"start":{"line":151,"column":16},"end":{"line":153,"column":21}},"line":151},"6":{"name":"(anonymous_6)","decl":{"start":{"line":159,"column":20},"end":{"line":159,"column":21}},"loc":{"start":{"line":159,"column":32},"end":{"line":174,"column":11}},"line":159},"7":{"name":"(anonymous_7)","decl":{"start":{"line":163,"column":31},"end":{"line":163,"column":32}},"loc":{"start":{"line":163,"column":41},"end":{"line":171,"column":17}},"line":163},"8":{"name":"(anonymous_8)","decl":{"start":{"line":192,"column":27},"end":{"line":192,"column":28}},"loc":{"start":{"line":192,"column":33},"end":{"line":192,"column":44}},"line":192},"9":{"name":"(anonymous_9)","decl":{"start":{"line":195,"column":27},"end":{"line":195,"column":28}},"loc":{"start":{"line":195,"column":33},"end":{"line":195,"column":47}},"line":195},"10":{"name":"(anonymous_10)","decl":{"start":{"line":198,"column":27},"end":{"line":198,"column":28}},"loc":{"start":{"line":198,"column":33},"end":{"line":198,"column":43}},"line":198},"11":{"name":"(anonymous_11)","decl":{"start":{"line":202,"column":21},"end":{"line":202,"column":22}},"loc":{"start":{"line":202,"column":27},"end":{"line":202,"column":50}},"line":202}},"branchMap":{"0":{"loc":{"start":{"line":68,"column":20},"end":{"line":68,"column":38}},"type":"binary-expr","locations":[{"start":{"line":68,"column":20},"end":{"line":68,"column":25}},{"start":{"line":68,"column":29},"end":{"line":68,"column":38}}],"line":68},"1":{"loc":{"start":{"line":73,"column":13},"end":{"line":73,"column":24}},"type":"binary-expr","locations":[{"start":{"line":73,"column":13},"end":{"line":73,"column":18}},{"start":{"line":73,"column":22},"end":{"line":73,"column":24}}],"line":73},"2":{"loc":{"start":{"line":93,"column":32},"end":{"line":93,"column":46}},"type":"default-arg","locations":[{"start":{"line":93,"column":45},"end":{"line":93,"column":46}}],"line":93},"3":{"loc":{"start":{"line":165,"column":18},"end":{"line":167,"column":19}},"type":"if","locations":[{"start":{"line":165,"column":18},"end":{"line":167,"column":19}},{"start":{},"end":{}}],"line":165},"4":{"loc":{"start":{"line":165,"column":22},"end":{"line":165,"column":70}},"type":"binary-expr","locations":[{"start":{"line":165,"column":22},"end":{"line":165,"column":40}},{"start":{"line":165,"column":44},"end":{"line":165,"column":70}}],"line":165}},"s":{"0":9,"1":0,"2":0,"3":0,"4":0,"5":0,"6":0,"7":0,"8":8,"9":0,"10":0,"11":0,"12":0,"13":0,"14":0,"15":0,"16":0,"17":0,"18":0,"19":0,"20":0},"f":{"0":0,"1":0,"2":0,"3":8,"4":0,"5":0,"6":0,"7":0,"8":0,"9":0,"10":0,"11":0},"b":{"0":[0,0],"1":[0,0],"2":[0],"3":[0,0],"4":[0,0]},"_coverageSchema":"1a1c01bbd47fc00a2c39e90264f33305004495a9","hash":"82718dc05803368b5b379a7f765ba940a65dbe3a"}
,"/Users/louisberesford/Desktop/webApp/zedify_hub/src/components/admin/bikeAdminTable.js": {"path":"/Users/louisberesford/Desktop/webApp/zedify_hub/src/components/admin/bikeAdminTable.js","statementMap":{"0":{"start":{"line":6,"column":23},"end":{"line":45,"column":1}},"1":{"start":{"line":7,"column":18},"end":{"line":40,"column":3}},"2":{"start":{"line":8,"column":10},"end":{"line":38,"column":5}},"3":{"start":{"line":28,"column":14},"end":{"line":33,"column":23}},"4":{"start":{"line":30,"column":31},"end":{"line":30,"column":64}},"5":{"start":{"line":42,"column":15},"end":{"line":42,"column":30}},"6":{"start":{"line":44,"column":2},"end":{"line":44,"column":64}}},"fnMap":{"0":{"name":"(anonymous_0)","decl":{"start":{"line":6,"column":23},"end":{"line":6,"column":24}},"loc":{"start":{"line":6,"column":34},"end":{"line":45,"column":1}},"line":6},"1":{"name":"(anonymous_1)","decl":{"start":{"line":8,"column":4},"end":{"line":8,"column":5}},"loc":{"start":{"line":8,"column":10},"end":{"line":38,"column":5}},"line":8},"2":{"name":"(anonymous_2)","decl":{"start":{"line":27,"column":18},"end":{"line":27,"column":19}},"loc":{"start":{"line":28,"column":14},"end":{"line":33,"column":23}},"line":28},"3":{"name":"(anonymous_3)","decl":{"start":{"line":30,"column":25},"end":{"line":30,"column":26}},"loc":{"start":{"line":30,"column":31},"end":{"line":30,"column":64}},"line":30}},"branchMap":{},"s":{"0":4,"1":2,"2":1,"3":0,"4":0,"5":1,"6":1},"f":{"0":2,"1":1,"2":0,"3":0},"b":{},"_coverageSchema":"1a1c01bbd47fc00a2c39e90264f33305004495a9","hash":"633c5ad981c957efc43280591d60521803f2231c"}
,"/Users/louisberesford/Desktop/webApp/zedify_hub/src/components/admin/bikeEditForm.js": {"path":"/Users/louisberesford/Desktop/webApp/zedify_hub/src/components/admin/bikeEditForm.js","statementMap":{"0":{"start":{"line":11,"column":21},"end":{"line":76,"column":1}},"1":{"start":{"line":12,"column":19},"end":{"line":12,"column":40}},"2":{"start":{"line":13,"column":20},"end":{"line":13,"column":42}},"3":{"start":{"line":14,"column":13},"end":{"line":14,"column":20}},"4":{"start":{"line":16,"column":2},"end":{"line":16,"column":44}},"5":{"start":{"line":18,"column":20},"end":{"line":42,"column":3}},"6":{"start":{"line":20,"column":6},"end":{"line":25,"column":8}},"7":{"start":{"line":26,"column":4},"end":{"line":41,"column":5}},"8":{"start":{"line":27,"column":23},"end":{"line":29,"column":8}},"9":{"start":{"line":30,"column":6},"end":{"line":36,"column":7}},"10":{"start":{"line":31,"column":8},"end":{"line":31,"column":25}},"11":{"start":{"line":32,"column":13},"end":{"line":36,"column":7}},"12":{"start":{"line":33,"column":8},"end":{"line":33,"column":60}},"13":{"start":{"line":35,"column":8},"end":{"line":35,"column":50}},"14":{"start":{"line":38,"column":6},"end":{"line":38,"column":27}},"15":{"start":{"line":43,"column":2},"end":{"line":75,"column":4}}},"fnMap":{"0":{"name":"(anonymous_0)","decl":{"start":{"line":11,"column":21},"end":{"line":11,"column":22}},"loc":{"start":{"line":11,"column":61},"end":{"line":76,"column":1}},"line":11},"1":{"name":"(anonymous_1)","decl":{"start":{"line":18,"column":20},"end":{"line":18,"column":21}},"loc":{"start":{"line":18,"column":32},"end":{"line":42,"column":3}},"line":18}},"branchMap":{"0":{"loc":{"start":{"line":30,"column":6},"end":{"line":36,"column":7}},"type":"if","locations":[{"start":{"line":30,"column":6},"end":{"line":36,"column":7}},{"start":{"line":32,"column":13},"end":{"line":36,"column":7}}],"line":30},"1":{"loc":{"start":{"line":32,"column":13},"end":{"line":36,"column":7}},"type":"if","locations":[{"start":{"line":32,"column":13},"end":{"line":36,"column":7}},{"start":{"line":34,"column":13},"end":{"line":36,"column":7}}],"line":32}},"s":{"0":3,"1":0,"2":0,"3":0,"4":0,"5":0,"6":0,"7":0,"8":0,"9":0,"10":0,"11":0,"12":0,"13":0,"14":0,"15":0},"f":{"0":0,"1":0},"b":{"0":[0,0],"1":[0,0]},"_coverageSchema":"1a1c01bbd47fc00a2c39e90264f33305004495a9","hash":"67f304bbe6e83f5656acfed7739211cadbf7212c"}
,"/Users/louisberesford/Desktop/webApp/zedify_hub/src/components/admin/riderAdminTable.js": {"path":"/Users/louisberesford/Desktop/webApp/zedify_hub/src/components/admin/riderAdminTable.js","statementMap":{"0":{"start":{"line":6,"column":24},"end":{"line":50,"column":1}},"1":{"start":{"line":7,"column":18},"end":{"line":44,"column":3}},"2":{"start":{"line":8,"column":10},"end":{"line":42,"column":5}},"3":{"start":{"line":32,"column":14},"end":{"line":37,"column":23}},"4":{"start":{"line":34,"column":31},"end":{"line":34,"column":64}},"5":{"start":{"line":46,"column":15},"end":{"line":46,"column":30}},"6":{"start":{"line":49,"column":2},"end":{"line":49,"column":64}}},"fnMap":{"0":{"name":"(anonymous_0)","decl":{"start":{"line":6,"column":24},"end":{"line":6,"column":25}},"loc":{"start":{"line":6,"column":35},"end":{"line":50,"column":1}},"line":6},"1":{"name":"(anonymous_1)","decl":{"start":{"line":8,"column":4},"end":{"line":8,"column":5}},"loc":{"start":{"line":8,"column":10},"end":{"line":42,"column":5}},"line":8},"2":{"name":"(anonymous_2)","decl":{"start":{"line":31,"column":18},"end":{"line":31,"column":19}},"loc":{"start":{"line":32,"column":14},"end":{"line":37,"column":23}},"line":32},"3":{"name":"(anonymous_3)","decl":{"start":{"line":34,"column":25},"end":{"line":34,"column":26}},"loc":{"start":{"line":34,"column":31},"end":{"line":34,"column":64}},"line":34}},"branchMap":{},"s":{"0":4,"1":2,"2":1,"3":0,"4":0,"5":1,"6":1},"f":{"0":2,"1":1,"2":0,"3":0},"b":{},"_coverageSchema":"1a1c01bbd47fc00a2c39e90264f33305004495a9","hash":"271878d539f0218d8e91e930e13107b9ae394f81"}
,"/Users/louisberesford/Desktop/webApp/zedify_hub/src/components/admin/userAddForm.js": {"path":"/Users/louisberesford/Desktop/webApp/zedify_hub/src/components/admin/userAddForm.js","statementMap":{"0":{"start":{"line":15,"column":20},"end":{"line":111,"column":1}},"1":{"start":{"line":16,"column":19},"end":{"line":16,"column":29}},"2":{"start":{"line":17,"column":19},"end":{"line":17,"column":29}},"3":{"start":{"line":18,"column":17},"end":{"line":18,"column":27}},"4":{"start":{"line":20,"column":26},"end":{"line":20,"column":44}},"5":{"start":{"line":22,"column":23},"end":{"line":24,"column":3}},"6":{"start":{"line":23,"column":4},"end":{"line":23,"column":32}},"7":{"start":{"line":26,"column":20},"end":{"line":50,"column":3}},"8":{"start":{"line":28,"column":6},"end":{"line":33,"column":26}},"9":{"start":{"line":34,"column":4},"end":{"line":49,"column":5}},"10":{"start":{"line":35,"column":23},"end":{"line":37,"column":8}},"11":{"start":{"line":38,"column":6},"end":{"line":44,"column":7}},"12":{"start":{"line":39,"column":8},"end":{"line":39,"column":25}},"13":{"start":{"line":40,"column":13},"end":{"line":44,"column":7}},"14":{"start":{"line":41,"column":8},"end":{"line":41,"column":60}},"15":{"start":{"line":43,"column":8},"end":{"line":43,"column":50}},"16":{"start":{"line":46,"column":6},"end":{"line":46,"column":27}},"17":{"start":{"line":52,"column":2},"end":{"line":110,"column":4}}},"fnMap":{"0":{"name":"(anonymous_0)","decl":{"start":{"line":15,"column":20},"end":{"line":15,"column":21}},"loc":{"start":{"line":15,"column":54},"end":{"line":111,"column":1}},"line":15},"1":{"name":"(anonymous_1)","decl":{"start":{"line":22,"column":23},"end":{"line":22,"column":24}},"loc":{"start":{"line":22,"column":53},"end":{"line":24,"column":3}},"line":22},"2":{"name":"(anonymous_2)","decl":{"start":{"line":26,"column":20},"end":{"line":26,"column":21}},"loc":{"start":{"line":26,"column":32},"end":{"line":50,"column":3}},"line":26}},"branchMap":{"0":{"loc":{"start":{"line":38,"column":6},"end":{"line":44,"column":7}},"type":"if","locations":[{"start":{"line":38,"column":6},"end":{"line":44,"column":7}},{"start":{"line":40,"column":13},"end":{"line":44,"column":7}}],"line":38},"1":{"loc":{"start":{"line":40,"column":13},"end":{"line":44,"column":7}},"type":"if","locations":[{"start":{"line":40,"column":13},"end":{"line":44,"column":7}},{"start":{"line":42,"column":13},"end":{"line":44,"column":7}}],"line":40}},"s":{"0":4,"1":2,"2":2,"3":2,"4":2,"5":2,"6":0,"7":2,"8":0,"9":0,"10":0,"11":0,"12":0,"13":0,"14":0,"15":0,"16":0,"17":2},"f":{"0":2,"1":0,"2":0},"b":{"0":[0,0],"1":[0,0]},"_coverageSchema":"1a1c01bbd47fc00a2c39e90264f33305004495a9","hash":"cbd2579d350e7f1775356a70b96b525494f09d82"}
,"/Users/louisberesford/Desktop/webApp/zedify_hub/src/components/admin/userEditForm.js": {"path":"/Users/louisberesford/Desktop/webApp/zedify_hub/src/components/admin/userEditForm.js","statementMap":{"0":{"start":{"line":14,"column":21},"end":{"line":114,"column":1}},"1":{"start":{"line":15,"column":19},"end":{"line":15,"column":40}},"2":{"start":{"line":16,"column":19},"end":{"line":16,"column":40}},"3":{"start":{"line":17,"column":17},"end":{"line":17,"column":36}},"4":{"start":{"line":20,"column":26},"end":{"line":20,"column":51}},"5":{"start":{"line":22,"column":13},"end":{"line":22,"column":20}},"6":{"start":{"line":24,"column":20},"end":{"line":48,"column":3}},"7":{"start":{"line":26,"column":6},"end":{"line":33,"column":8}},"8":{"start":{"line":34,"column":4},"end":{"line":47,"column":5}},"9":{"start":{"line":35,"column":23},"end":{"line":37,"column":8}},"10":{"start":{"line":38,"column":6},"end":{"line":44,"column":7}},"11":{"start":{"line":39,"column":8},"end":{"line":39,"column":25}},"12":{"start":{"line":40,"column":13},"end":{"line":44,"column":7}},"13":{"start":{"line":41,"column":8},"end":{"line":41,"column":60}},"14":{"start":{"line":43,"column":8},"end":{"line":43,"column":50}},"15":{"start":{"line":46,"column":6},"end":{"line":46,"column":27}},"16":{"start":{"line":50,"column":23},"end":{"line":52,"column":3}},"17":{"start":{"line":51,"column":4},"end":{"line":51,"column":32}},"18":{"start":{"line":54,"column":2},"end":{"line":113,"column":4}}},"fnMap":{"0":{"name":"(anonymous_0)","decl":{"start":{"line":14,"column":21},"end":{"line":14,"column":22}},"loc":{"start":{"line":14,"column":61},"end":{"line":114,"column":1}},"line":14},"1":{"name":"(anonymous_1)","decl":{"start":{"line":24,"column":20},"end":{"line":24,"column":21}},"loc":{"start":{"line":24,"column":32},"end":{"line":48,"column":3}},"line":24},"2":{"name":"(anonymous_2)","decl":{"start":{"line":50,"column":23},"end":{"line":50,"column":24}},"loc":{"start":{"line":50,"column":53},"end":{"line":52,"column":3}},"line":50}},"branchMap":{"0":{"loc":{"start":{"line":38,"column":6},"end":{"line":44,"column":7}},"type":"if","locations":[{"start":{"line":38,"column":6},"end":{"line":44,"column":7}},{"start":{"line":40,"column":13},"end":{"line":44,"column":7}}],"line":38},"1":{"loc":{"start":{"line":40,"column":13},"end":{"line":44,"column":7}},"type":"if","locations":[{"start":{"line":40,"column":13},"end":{"line":44,"column":7}},{"start":{"line":42,"column":13},"end":{"line":44,"column":7}}],"line":40}},"s":{"0":4,"1":2,"2":0,"3":0,"4":0,"5":0,"6":0,"7":0,"8":0,"9":0,"10":0,"11":0,"12":0,"13":0,"14":0,"15":0,"16":0,"17":0,"18":0},"f":{"0":2,"1":0,"2":0},"b":{"0":[0,0],"1":[0,0]},"_coverageSchema":"1a1c01bbd47fc00a2c39e90264f33305004495a9","hash":"10933eeaf1b4d88778dd1758973a3cb564528ec4"}
,"/Users/louisberesford/Desktop/webApp/zedify_hub/src/components/home/bikeInfoTable.js": {"path":"/Users/louisberesford/Desktop/webApp/zedify_hub/src/components/home/bikeInfoTable.js","statementMap":{"0":{"start":{"line":5,"column":18},"end":{"line":92,"column":1}},"1":{"start":{"line":6,"column":29},"end":{"line":10,"column":3}},"2":{"start":{"line":12,"column":18},"end":{"line":87,"column":3}},"3":{"start":{"line":13,"column":10},"end":{"line":85,"column":5}},"4":{"start":{"line":25,"column":14},"end":{"line":29,"column":16}},"5":{"start":{"line":36,"column":14},"end":{"line":40,"column":16}},"6":{"start":{"line":47,"column":14},"end":{"line":51,"column":16}},"7":{"start":{"line":89,"column":15},"end":{"line":89,"column":55}},"8":{"start":{"line":89,"column":35},"end":{"line":89,"column":50}},"9":{"start":{"line":91,"column":2},"end":{"line":91,"column":64}}},"fnMap":{"0":{"name":"(anonymous_0)","decl":{"start":{"line":5,"column":18},"end":{"line":5,"column":19}},"loc":{"start":{"line":5,"column":29},"end":{"line":92,"column":1}},"line":5},"1":{"name":"(anonymous_1)","decl":{"start":{"line":13,"column":4},"end":{"line":13,"column":5}},"loc":{"start":{"line":13,"column":10},"end":{"line":85,"column":5}},"line":13},"2":{"name":"(anonymous_2)","decl":{"start":{"line":24,"column":18},"end":{"line":24,"column":19}},"loc":{"start":{"line":24,"column":29},"end":{"line":30,"column":13}},"line":24},"3":{"name":"(anonymous_3)","decl":{"start":{"line":35,"column":18},"end":{"line":35,"column":19}},"loc":{"start":{"line":35,"column":29},"end":{"line":41,"column":13}},"line":35},"4":{"name":"(anonymous_4)","decl":{"start":{"line":46,"column":18},"end":{"line":46,"column":19}},"loc":{"start":{"line":46,"column":29},"end":{"line":52,"column":13}},"line":46},"5":{"name":"(anonymous_5)","decl":{"start":{"line":89,"column":29},"end":{"line":89,"column":30}},"loc":{"start":{"line":89,"column":35},"end":{"line":89,"column":50}},"line":89}},"branchMap":{"0":{"loc":{"start":{"line":37,"column":35},"end":{"line":37,"column":69}},"type":"cond-expr","locations":[{"start":{"line":37,"column":54},"end":{"line":37,"column":61}},{"start":{"line":37,"column":64},"end":{"line":37,"column":69}}],"line":37},"1":{"loc":{"start":{"line":48,"column":35},"end":{"line":48,"column":69}},"type":"cond-expr","locations":[{"start":{"line":48,"column":54},"end":{"line":48,"column":61}},{"start":{"line":48,"column":64},"end":{"line":48,"column":69}}],"line":48}},"s":{"0":4,"1":2,"2":2,"3":1,"4":0,"5":0,"6":0,"7":1,"8":1,"9":1},"f":{"0":2,"1":1,"2":0,"3":0,"4":0,"5":1},"b":{"0":[0,0],"1":[0,0]},"_coverageSchema":"1a1c01bbd47fc00a2c39e90264f33305004495a9","hash":"69ab1b403fa45aad07d47b93ef90f6dfb6ad5ab9"}
,"/Users/louisberesford/Desktop/webApp/zedify_hub/src/components/home/fleetMap.js": {"path":"/Users/louisberesford/Desktop/webApp/zedify_hub/src/components/home/fleetMap.js","statementMap":{"0":{"start":{"line":20,"column":22},"end":{"line":28,"column":1}},"1":{"start":{"line":21,"column":2},"end":{"line":27,"column":3}},"2":{"start":{"line":22,"column":4},"end":{"line":22,"column":19}},"3":{"start":{"line":23,"column":9},"end":{"line":27,"column":3}},"4":{"start":{"line":24,"column":4},"end":{"line":24,"column":17}},"5":{"start":{"line":26,"column":4},"end":{"line":26,"column":18}},"6":{"start":{"line":30,"column":17},"end":{"line":138,"column":1}},"7":{"start":{"line":32,"column":44},"end":{"line":32,"column":58}},"8":{"start":{"line":34,"column":22},"end":{"line":37,"column":5}},"9":{"start":{"line":39,"column":16},"end":{"line":42,"column":5}},"10":{"start":{"line":44,"column":4},"end":{"line":54,"column":11}},"11":{"start":{"line":45,"column":23},"end":{"line":49,"column":7}},"12":{"start":{"line":46,"column":8},"end":{"line":48,"column":9}},"13":{"start":{"line":47,"column":10},"end":{"line":47,"column":32}},"14":{"start":{"line":50,"column":6},"end":{"line":50,"column":51}},"15":{"start":{"line":51,"column":6},"end":{"line":53,"column":8}},"16":{"start":{"line":52,"column":8},"end":{"line":52,"column":56}},"17":{"start":{"line":68,"column":4},"end":{"line":136,"column":6}},"18":{"start":{"line":72,"column":10},"end":{"line":104,"column":28}},"19":{"start":{"line":83,"column":14},"end":{"line":83,"column":36}},"20":{"start":{"line":109,"column":14},"end":{"line":109,"column":36}}},"fnMap":{"0":{"name":"(anonymous_0)","decl":{"start":{"line":20,"column":22},"end":{"line":20,"column":23}},"loc":{"start":{"line":20,"column":32},"end":{"line":28,"column":1}},"line":20},"1":{"name":"(anonymous_1)","decl":{"start":{"line":31,"column":16},"end":{"line":31,"column":17}},"loc":{"start":{"line":31,"column":27},"end":{"line":137,"column":3}},"line":31},"2":{"name":"(anonymous_2)","decl":{"start":{"line":44,"column":14},"end":{"line":44,"column":15}},"loc":{"start":{"line":44,"column":20},"end":{"line":54,"column":5}},"line":44},"3":{"name":"(anonymous_3)","decl":{"start":{"line":45,"column":23},"end":{"line":45,"column":24}},"loc":{"start":{"line":45,"column":30},"end":{"line":49,"column":7}},"line":45},"4":{"name":"(anonymous_4)","decl":{"start":{"line":51,"column":13},"end":{"line":51,"column":14}},"loc":{"start":{"line":51,"column":19},"end":{"line":53,"column":7}},"line":51},"5":{"name":"(anonymous_5)","decl":{"start":{"line":71,"column":30},"end":{"line":71,"column":31}},"loc":{"start":{"line":72,"column":10},"end":{"line":104,"column":28}},"line":72},"6":{"name":"(anonymous_6)","decl":{"start":{"line":82,"column":21},"end":{"line":82,"column":22}},"loc":{"start":{"line":82,"column":27},"end":{"line":84,"column":13}},"line":82},"7":{"name":"(anonymous_7)","decl":{"start":{"line":108,"column":26},"end":{"line":108,"column":27}},"loc":{"start":{"line":108,"column":32},"end":{"line":110,"column":13}},"line":108}},"branchMap":{"0":{"loc":{"start":{"line":21,"column":2},"end":{"line":27,"column":3}},"type":"if","locations":[{"start":{"line":21,"column":2},"end":{"line":27,"column":3}},{"start":{"line":23,"column":9},"end":{"line":27,"column":3}}],"line":21},"1":{"loc":{"start":{"line":23,"column":9},"end":{"line":27,"column":3}},"type":"if","locations":[{"start":{"line":23,"column":9},"end":{"line":27,"column":3}},{"start":{"line":25,"column":9},"end":{"line":27,"column":3}}],"line":23},"2":{"loc":{"start":{"line":46,"column":8},"end":{"line":48,"column":9}},"type":"if","locations":[{"start":{"line":46,"column":8},"end":{"line":48,"column":9}},{"start":{},"end":{}}],"line":46},"3":{"loc":{"start":{"line":106,"column":9},"end":{"line":134,"column":9}},"type":"binary-expr","locations":[{"start":{"line":106,"column":9},"end":{"line":106,"column":21}},{"start":{"line":107,"column":10},"end":{"line":133,"column":23}}],"line":106},"4":{"loc":{"start":{"line":119,"column":15},"end":{"line":126,"column":15}},"type":"binary-expr","locations":[{"start":{"line":119,"column":15},"end":{"line":119,"column":36}},{"start":{"line":120,"column":16},"end":{"line":125,"column":19}}],"line":119}},"s":{"0":4,"1":0,"2":0,"3":0,"4":0,"5":0,"6":4,"7":0,"8":0,"9":0,"10":0,"11":0,"12":0,"13":0,"14":0,"15":0,"16":0,"17":0,"18":0,"19":0,"20":0},"f":{"0":0,"1":0,"2":0,"3":0,"4":0,"5":0,"6":0,"7":0},"b":{"0":[0,0],"1":[0,0],"2":[0,0],"3":[0,0],"4":[0,0]},"_coverageSchema":"1a1c01bbd47fc00a2c39e90264f33305004495a9","hash":"470f35fd3beb07083e6ac38952aa926e53f1daa5"}
,"/Users/louisberesford/Desktop/webApp/zedify_hub/src/components/home/reportsTable.js": {"path":"/Users/louisberesford/Desktop/webApp/zedify_hub/src/components/home/reportsTable.js","statementMap":{"0":{"start":{"line":6,"column":20},"end":{"line":66,"column":1}},"1":{"start":{"line":7,"column":18},"end":{"line":62,"column":3}},"2":{"start":{"line":8,"column":10},"end":{"line":60,"column":5}},"3":{"start":{"line":37,"column":14},"end":{"line":41,"column":15}},"4":{"start":{"line":38,"column":16},"end":{"line":38,"column":63}},"5":{"start":{"line":40,"column":16},"end":{"line":40,"column":65}},"6":{"start":{"line":48,"column":14},"end":{"line":55,"column":23}},"7":{"start":{"line":51,"column":18},"end":{"line":51,"column":67}},"8":{"start":{"line":64,"column":15},"end":{"line":64,"column":31}},"9":{"start":{"line":65,"column":2},"end":{"line":65,"column":64}}},"fnMap":{"0":{"name":"(anonymous_0)","decl":{"start":{"line":6,"column":20},"end":{"line":6,"column":21}},"loc":{"start":{"line":6,"column":31},"end":{"line":66,"column":1}},"line":6},"1":{"name":"(anonymous_1)","decl":{"start":{"line":8,"column":4},"end":{"line":8,"column":5}},"loc":{"start":{"line":8,"column":10},"end":{"line":60,"column":5}},"line":8},"2":{"name":"(anonymous_2)","decl":{"start":{"line":36,"column":18},"end":{"line":36,"column":19}},"loc":{"start":{"line":36,"column":29},"end":{"line":42,"column":13}},"line":36},"3":{"name":"(anonymous_3)","decl":{"start":{"line":47,"column":18},"end":{"line":47,"column":19}},"loc":{"start":{"line":48,"column":14},"end":{"line":55,"column":23}},"line":48},"4":{"name":"(anonymous_4)","decl":{"start":{"line":50,"column":25},"end":{"line":50,"column":26}},"loc":{"start":{"line":51,"column":18},"end":{"line":51,"column":67}},"line":51}},"branchMap":{"0":{"loc":{"start":{"line":37,"column":14},"end":{"line":41,"column":15}},"type":"if","locations":[{"start":{"line":37,"column":14},"end":{"line":41,"column":15}},{"start":{"line":39,"column":21},"end":{"line":41,"column":15}}],"line":37}},"s":{"0":4,"1":2,"2":1,"3":0,"4":0,"5":0,"6":0,"7":0,"8":1,"9":1},"f":{"0":2,"1":1,"2":0,"3":0,"4":0},"b":{"0":[0,0]},"_coverageSchema":"1a1c01bbd47fc00a2c39e90264f33305004495a9","hash":"55e6841bc7f480ee2bc5f0ef087b3e5ae85c47e5"}
,"/Users/louisberesford/Desktop/webApp/zedify_hub/src/components/rounds/roundsTable.js": {"path":"/Users/louisberesford/Desktop/webApp/zedify_hub/src/components/rounds/roundsTable.js","statementMap":{"0":{"start":{"line":7,"column":20},"end":{"line":77,"column":1}},"1":{"start":{"line":8,"column":30},"end":{"line":12,"column":3}},"2":{"start":{"line":14,"column":18},"end":{"line":73,"column":3}},"3":{"start":{"line":15,"column":10},"end":{"line":71,"column":5}},"4":{"start":{"line":27,"column":14},"end":{"line":31,"column":16}},"5":{"start":{"line":37,"column":14},"end":{"line":37,"column":39}},"6":{"start":{"line":38,"column":27},"end":{"line":38,"column":69}},"7":{"start":{"line":39,"column":30},"end":{"line":39,"column":48}},"8":{"start":{"line":40,"column":14},"end":{"line":40,"column":35}},"9":{"start":{"line":41,"column":14},"end":{"line":41,"column":29}},"10":{"start":{"line":64,"column":14},"end":{"line":66,"column":23}},"11":{"start":{"line":64,"column":47},"end":{"line":64,"column":78}},"12":{"start":{"line":75,"column":15},"end":{"line":75,"column":56}},"13":{"start":{"line":75,"column":35},"end":{"line":75,"column":51}},"14":{"start":{"line":76,"column":2},"end":{"line":76,"column":64}}},"fnMap":{"0":{"name":"(anonymous_0)","decl":{"start":{"line":7,"column":20},"end":{"line":7,"column":21}},"loc":{"start":{"line":7,"column":31},"end":{"line":77,"column":1}},"line":7},"1":{"name":"(anonymous_1)","decl":{"start":{"line":15,"column":4},"end":{"line":15,"column":5}},"loc":{"start":{"line":15,"column":10},"end":{"line":71,"column":5}},"line":15},"2":{"name":"(anonymous_2)","decl":{"start":{"line":26,"column":18},"end":{"line":26,"column":19}},"loc":{"start":{"line":26,"column":29},"end":{"line":32,"column":13}},"line":26},"3":{"name":"(anonymous_3)","decl":{"start":{"line":36,"column":22},"end":{"line":36,"column":23}},"loc":{"start":{"line":36,"column":29},"end":{"line":42,"column":13}},"line":36},"4":{"name":"(anonymous_4)","decl":{"start":{"line":63,"column":18},"end":{"line":63,"column":19}},"loc":{"start":{"line":64,"column":14},"end":{"line":66,"column":23}},"line":64},"5":{"name":"(anonymous_5)","decl":{"start":{"line":64,"column":41},"end":{"line":64,"column":42}},"loc":{"start":{"line":64,"column":47},"end":{"line":64,"column":78}},"line":64},"6":{"name":"(anonymous_6)","decl":{"start":{"line":75,"column":29},"end":{"line":75,"column":30}},"loc":{"start":{"line":75,"column":35},"end":{"line":75,"column":51}},"line":75}},"branchMap":{},"s":{"0":2,"1":0,"2":0,"3":0,"4":0,"5":0,"6":0,"7":0,"8":0,"9":0,"10":0,"11":0,"12":0,"13":0,"14":0},"f":{"0":0,"1":0,"2":0,"3":0,"4":0,"5":0,"6":0},"b":{},"_coverageSchema":"1a1c01bbd47fc00a2c39e90264f33305004495a9","hash":"fb08cb31761b66091ef3300b3182c583e8e2049f"}
,"/Users/louisberesford/Desktop/webApp/zedify_hub/src/components/rounds/stopsMap.js": {"path":"/Users/louisberesford/Desktop/webApp/zedify_hub/src/components/rounds/stopsMap.js","statementMap":{"0":{"start":{"line":12,"column":17},"end":{"line":34,"column":1}},"1":{"start":{"line":14,"column":22},"end":{"line":17,"column":5}},"2":{"start":{"line":19,"column":4},"end":{"line":32,"column":6}},"3":{"start":{"line":22,"column":10},"end":{"line":29,"column":12}}},"fnMap":{"0":{"name":"(anonymous_0)","decl":{"start":{"line":13,"column":16},"end":{"line":13,"column":17}},"loc":{"start":{"line":13,"column":27},"end":{"line":33,"column":3}},"line":13},"1":{"name":"(anonymous_1)","decl":{"start":{"line":21,"column":29},"end":{"line":21,"column":30}},"loc":{"start":{"line":22,"column":10},"end":{"line":29,"column":12}},"line":22}},"branchMap":{},"s":{"0":2,"1":0,"2":0,"3":0},"f":{"0":0,"1":0},"b":{},"_coverageSchema":"1a1c01bbd47fc00a2c39e90264f33305004495a9","hash":"5e619570b46b693c8e7a31221ed7c0d7d2d2d834"}
,"/Users/louisberesford/Desktop/webApp/zedify_hub/src/components/rounds/stopsTable.js": {"path":"/Users/louisberesford/Desktop/webApp/zedify_hub/src/components/rounds/stopsTable.js","statementMap":{"0":{"start":{"line":6,"column":19},"end":{"line":76,"column":1}},"1":{"start":{"line":7,"column":29},"end":{"line":11,"column":3}},"2":{"start":{"line":13,"column":18},"end":{"line":71,"column":3}},"3":{"start":{"line":14,"column":10},"end":{"line":69,"column":5}},"4":{"start":{"line":56,"column":14},"end":{"line":60,"column":16}},"5":{"start":{"line":73,"column":15},"end":{"line":73,"column":30}},"6":{"start":{"line":75,"column":2},"end":{"line":75,"column":64}}},"fnMap":{"0":{"name":"(anonymous_0)","decl":{"start":{"line":6,"column":19},"end":{"line":6,"column":20}},"loc":{"start":{"line":6,"column":30},"end":{"line":76,"column":1}},"line":6},"1":{"name":"(anonymous_1)","decl":{"start":{"line":14,"column":4},"end":{"line":14,"column":5}},"loc":{"start":{"line":14,"column":10},"end":{"line":69,"column":5}},"line":14},"2":{"name":"(anonymous_2)","decl":{"start":{"line":55,"column":18},"end":{"line":55,"column":19}},"loc":{"start":{"line":55,"column":29},"end":{"line":61,"column":13}},"line":55}},"branchMap":{},"s":{"0":2,"1":0,"2":0,"3":0,"4":0,"5":0,"6":0},"f":{"0":0,"1":0,"2":0},"b":{},"_coverageSchema":"1a1c01bbd47fc00a2c39e90264f33305004495a9","hash":"b23f5c238788aee83541e0c841039c738720c674"}
,"/Users/louisberesford/Desktop/webApp/zedify_hub/src/pages/admin.js": {"path":"/Users/louisberesford/Desktop/webApp/zedify_hub/src/pages/admin.js","statementMap":{"0":{"start":{"line":11,"column":14},"end":{"line":167,"column":1}},"1":{"start":{"line":12,"column":36},"end":{"line":12,"column":46}},"2":{"start":{"line":13,"column":36},"end":{"line":13,"column":46}},"3":{"start":{"line":15,"column":34},"end":{"line":15,"column":49}},"4":{"start":{"line":16,"column":34},"end":{"line":16,"column":49}},"5":{"start":{"line":18,"column":34},"end":{"line":18,"column":49}},"6":{"start":{"line":19,"column":42},"end":{"line":19,"column":52}},"7":{"start":{"line":21,"column":34},"end":{"line":21,"column":49}},"8":{"start":{"line":22,"column":42},"end":{"line":22,"column":52}},"9":{"start":{"line":24,"column":19},"end":{"line":35,"column":3}},"10":{"start":{"line":25,"column":4},"end":{"line":34,"column":5}},"11":{"start":{"line":26,"column":23},"end":{"line":28,"column":8}},"12":{"start":{"line":29,"column":19},"end":{"line":29,"column":40}},"13":{"start":{"line":30,"column":6},"end":{"line":30,"column":25}},"14":{"start":{"line":31,"column":6},"end":{"line":31,"column":18}},"15":{"start":{"line":33,"column":6},"end":{"line":33,"column":27}},"16":{"start":{"line":37,"column":20},"end":{"line":48,"column":3}},"17":{"start":{"line":38,"column":4},"end":{"line":47,"column":5}},"18":{"start":{"line":39,"column":23},"end":{"line":41,"column":8}},"19":{"start":{"line":42,"column":19},"end":{"line":42,"column":40}},"20":{"start":{"line":43,"column":6},"end":{"line":43,"column":25}},"21":{"start":{"line":44,"column":6},"end":{"line":44,"column":18}},"22":{"start":{"line":46,"column":6},"end":{"line":46,"column":27}},"23":{"start":{"line":50,"column":2},"end":{"line":54,"column":47}},"24":{"start":{"line":51,"column":4},"end":{"line":51,"column":16}},"25":{"start":{"line":52,"column":4},"end":{"line":52,"column":15}},"26":{"start":{"line":53,"column":4},"end":{"line":53,"column":30}},"27":{"start":{"line":57,"column":4},"end":{"line":57,"column":27}},"28":{"start":{"line":61,"column":4},"end":{"line":61,"column":27}},"29":{"start":{"line":65,"column":4},"end":{"line":67,"column":5}},"30":{"start":{"line":66,"column":6},"end":{"line":66,"column":28}},"31":{"start":{"line":68,"column":4},"end":{"line":68,"column":27}},"32":{"start":{"line":72,"column":4},"end":{"line":74,"column":5}},"33":{"start":{"line":73,"column":6},"end":{"line":73,"column":28}},"34":{"start":{"line":75,"column":4},"end":{"line":75,"column":27}},"35":{"start":{"line":78,"column":2},"end":{"line":166,"column":4}}},"fnMap":{"0":{"name":"(anonymous_0)","decl":{"start":{"line":11,"column":14},"end":{"line":11,"column":15}},"loc":{"start":{"line":11,"column":20},"end":{"line":167,"column":1}},"line":11},"1":{"name":"(anonymous_1)","decl":{"start":{"line":24,"column":19},"end":{"line":24,"column":20}},"loc":{"start":{"line":24,"column":31},"end":{"line":35,"column":3}},"line":24},"2":{"name":"(anonymous_2)","decl":{"start":{"line":37,"column":20},"end":{"line":37,"column":21}},"loc":{"start":{"line":37,"column":32},"end":{"line":48,"column":3}},"line":37},"3":{"name":"(anonymous_3)","decl":{"start":{"line":50,"column":12},"end":{"line":50,"column":13}},"loc":{"start":{"line":50,"column":18},"end":{"line":54,"column":3}},"line":50},"4":{"name":"toggleBikeForm","decl":{"start":{"line":56,"column":11},"end":{"line":56,"column":25}},"loc":{"start":{"line":56,"column":28},"end":{"line":58,"column":3}},"line":56},"5":{"name":"toggleUserForm","decl":{"start":{"line":60,"column":11},"end":{"line":60,"column":25}},"loc":{"start":{"line":60,"column":28},"end":{"line":62,"column":3}},"line":60},"6":{"name":"toggleBikeEdit","decl":{"start":{"line":64,"column":11},"end":{"line":64,"column":25}},"loc":{"start":{"line":64,"column":32},"end":{"line":69,"column":3}},"line":64},"7":{"name":"toggleUserEdit","decl":{"start":{"line":71,"column":11},"end":{"line":71,"column":25}},"loc":{"start":{"line":71,"column":32},"end":{"line":76,"column":3}},"line":71}},"branchMap":{"0":{"loc":{"start":{"line":65,"column":4},"end":{"line":67,"column":5}},"type":"if","locations":[{"start":{"line":65,"column":4},"end":{"line":67,"column":5}},{"start":{},"end":{}}],"line":65},"1":{"loc":{"start":{"line":72,"column":4},"end":{"line":74,"column":5}},"type":"if","locations":[{"start":{"line":72,"column":4},"end":{"line":74,"column":5}},{"start":{},"end":{}}],"line":72},"2":{"loc":{"start":{"line":97,"column":11},"end":{"line":102,"column":11}},"type":"binary-expr","locations":[{"start":{"line":97,"column":11},"end":{"line":97,"column":20}},{"start":{"line":98,"column":12},"end":{"line":101,"column":14}}],"line":97},"3":{"loc":{"start":{"line":119,"column":9},"end":{"line":125,"column":9}},"type":"binary-expr","locations":[{"start":{"line":119,"column":9},"end":{"line":119,"column":18}},{"start":{"line":119,"column":22},"end":{"line":119,"column":34}},{"start":{"line":120,"column":10},"end":{"line":124,"column":12}}],"line":119},"4":{"loc":{"start":{"line":135,"column":11},"end":{"line":140,"column":11}},"type":"binary-expr","locations":[{"start":{"line":135,"column":11},"end":{"line":135,"column":20}},{"start":{"line":136,"column":12},"end":{"line":139,"column":14}}],"line":135},"5":{"loc":{"start":{"line":157,"column":9},"end":{"line":163,"column":9}},"type":"binary-expr","locations":[{"start":{"line":157,"column":9},"end":{"line":157,"column":18}},{"start":{"line":157,"column":22},"end":{"line":157,"column":34}},{"start":{"line":158,"column":10},"end":{"line":162,"column":12}}],"line":157}},"s":{"0":3,"1":1,"2":1,"3":1,"4":1,"5":1,"6":1,"7":1,"8":1,"9":1,"10":1,"11":1,"12":0,"13":0,"14":0,"15":0,"16":1,"17":1,"18":1,"19":0,"20":0,"21":0,"22":0,"23":1,"24":1,"25":1,"26":1,"27":0,"28":0,"29":0,"30":0,"31":0,"32":0,"33":0,"34":0,"35":1},"f":{"0":1,"1":1,"2":1,"3":1,"4":0,"5":0,"6":0,"7":0},"b":{"0":[0,0],"1":[0,0],"2":[1,0],"3":[1,0,0],"4":[1,0],"5":[1,0,0]},"_coverageSchema":"1a1c01bbd47fc00a2c39e90264f33305004495a9","hash":"ceb7826dbcc306c6de138506f290d416e1655b62"}
,"/Users/louisberesford/Desktop/webApp/zedify_hub/src/pages/home.js": {"path":"/Users/louisberesford/Desktop/webApp/zedify_hub/src/pages/home.js","statementMap":{"0":{"start":{"line":8,"column":36},"end":{"line":8,"column":46}},"1":{"start":{"line":9,"column":38},"end":{"line":9,"column":48}},"2":{"start":{"line":11,"column":19},"end":{"line":21,"column":3}},"3":{"start":{"line":12,"column":4},"end":{"line":20,"column":5}},"4":{"start":{"line":13,"column":23},"end":{"line":15,"column":8}},"5":{"start":{"line":16,"column":19},"end":{"line":16,"column":40}},"6":{"start":{"line":17,"column":6},"end":{"line":17,"column":25}},"7":{"start":{"line":19,"column":6},"end":{"line":19,"column":27}},"8":{"start":{"line":23,"column":21},"end":{"line":33,"column":3}},"9":{"start":{"line":24,"column":4},"end":{"line":32,"column":5}},"10":{"start":{"line":25,"column":23},"end":{"line":27,"column":8}},"11":{"start":{"line":28,"column":19},"end":{"line":28,"column":40}},"12":{"start":{"line":29,"column":6},"end":{"line":29,"column":26}},"13":{"start":{"line":31,"column":6},"end":{"line":31,"column":27}},"14":{"start":{"line":35,"column":2},"end":{"line":45,"column":9}},"15":{"start":{"line":36,"column":4},"end":{"line":36,"column":15}},"16":{"start":{"line":37,"column":4},"end":{"line":37,"column":17}},"17":{"start":{"line":38,"column":21},"end":{"line":42,"column":13}},"18":{"start":{"line":39,"column":6},"end":{"line":39,"column":39}},"19":{"start":{"line":40,"column":6},"end":{"line":40,"column":17}},"20":{"start":{"line":41,"column":6},"end":{"line":41,"column":19}},"21":{"start":{"line":44,"column":4},"end":{"line":44,"column":41}},"22":{"start":{"line":44,"column":17},"end":{"line":44,"column":40}},"23":{"start":{"line":47,"column":2},"end":{"line":96,"column":4}}},"fnMap":{"0":{"name":"Home","decl":{"start":{"line":7,"column":9},"end":{"line":7,"column":13}},"loc":{"start":{"line":7,"column":16},"end":{"line":97,"column":1}},"line":7},"1":{"name":"(anonymous_1)","decl":{"start":{"line":11,"column":19},"end":{"line":11,"column":20}},"loc":{"start":{"line":11,"column":31},"end":{"line":21,"column":3}},"line":11},"2":{"name":"(anonymous_2)","decl":{"start":{"line":23,"column":21},"end":{"line":23,"column":22}},"loc":{"start":{"line":23,"column":33},"end":{"line":33,"column":3}},"line":23},"3":{"name":"(anonymous_3)","decl":{"start":{"line":35,"column":12},"end":{"line":35,"column":13}},"loc":{"start":{"line":35,"column":18},"end":{"line":45,"column":3}},"line":35},"4":{"name":"(anonymous_4)","decl":{"start":{"line":38,"column":33},"end":{"line":38,"column":34}},"loc":{"start":{"line":38,"column":39},"end":{"line":42,"column":5}},"line":38},"5":{"name":"(anonymous_5)","decl":{"start":{"line":44,"column":11},"end":{"line":44,"column":12}},"loc":{"start":{"line":44,"column":17},"end":{"line":44,"column":40}},"line":44}},"branchMap":{"0":{"loc":{"start":{"line":89,"column":11},"end":{"line":89,"column":64}},"type":"binary-expr","locations":[{"start":{"line":89,"column":11},"end":{"line":89,"column":21}},{"start":{"line":89,"column":25},"end":{"line":89,"column":64}}],"line":89},"1":{"loc":{"start":{"line":93,"column":9},"end":{"line":93,"column":57}},"type":"binary-expr","locations":[{"start":{"line":93,"column":9},"end":{"line":93,"column":18}},{"start":{"line":93,"column":22},"end":{"line":93,"column":57}}],"line":93}},"s":{"0":2,"1":2,"2":2,"3":2,"4":2,"5":0,"6":0,"7":0,"8":2,"9":2,"10":2,"11":0,"12":0,"13":0,"14":2,"15":2,"16":2,"17":2,"18":0,"19":0,"20":0,"21":2,"22":2,"23":2},"f":{"0":2,"1":2,"2":2,"3":2,"4":0,"5":2},"b":{"0":[2,0],"1":[2,0]},"_coverageSchema":"1a1c01bbd47fc00a2c39e90264f33305004495a9","hash":"e361eccc2110111365a1cf709544be872e1bc456"}
,"/Users/louisberesford/Desktop/webApp/zedify_hub/src/pages/rounds.js": {"path":"/Users/louisberesford/Desktop/webApp/zedify_hub/src/pages/rounds.js","statementMap":{"0":{"start":{"line":7,"column":36},"end":{"line":7,"column":46}},"1":{"start":{"line":8,"column":34},"end":{"line":8,"column":44}},"2":{"start":{"line":9,"column":40},"end":{"line":9,"column":51}},"3":{"start":{"line":11,"column":20},"end":{"line":21,"column":3}},"4":{"start":{"line":12,"column":4},"end":{"line":20,"column":5}},"5":{"start":{"line":13,"column":23},"end":{"line":15,"column":15}},"6":{"start":{"line":16,"column":19},"end":{"line":16,"column":40}},"7":{"start":{"line":17,"column":6},"end":{"line":17,"column":25}},"8":{"start":{"line":19,"column":6},"end":{"line":19,"column":27}},"9":{"start":{"line":23,"column":18},"end":{"line":36,"column":3}},"10":{"start":{"line":24,"column":4},"end":{"line":35,"column":5}},"11":{"start":{"line":25,"column":23},"end":{"line":30,"column":14}},"12":{"start":{"line":31,"column":19},"end":{"line":31,"column":40}},"13":{"start":{"line":32,"column":6},"end":{"line":32,"column":24}},"14":{"start":{"line":34,"column":6},"end":{"line":34,"column":27}},"15":{"start":{"line":38,"column":2},"end":{"line":41,"column":9}},"16":{"start":{"line":39,"column":4},"end":{"line":39,"column":16}},"17":{"start":{"line":40,"column":4},"end":{"line":40,"column":14}},"18":{"start":{"line":43,"column":2},"end":{"line":45,"column":20}},"19":{"start":{"line":44,"column":4},"end":{"line":44,"column":14}},"20":{"start":{"line":47,"column":2},"end":{"line":102,"column":4}}},"fnMap":{"0":{"name":"Rounds","decl":{"start":{"line":6,"column":9},"end":{"line":6,"column":15}},"loc":{"start":{"line":6,"column":18},"end":{"line":103,"column":1}},"line":6},"1":{"name":"(anonymous_1)","decl":{"start":{"line":11,"column":20},"end":{"line":11,"column":21}},"loc":{"start":{"line":11,"column":32},"end":{"line":21,"column":3}},"line":11},"2":{"name":"(anonymous_2)","decl":{"start":{"line":23,"column":18},"end":{"line":23,"column":19}},"loc":{"start":{"line":23,"column":30},"end":{"line":36,"column":3}},"line":23},"3":{"name":"(anonymous_3)","decl":{"start":{"line":38,"column":12},"end":{"line":38,"column":13}},"loc":{"start":{"line":38,"column":18},"end":{"line":41,"column":3}},"line":38},"4":{"name":"(anonymous_4)","decl":{"start":{"line":43,"column":12},"end":{"line":43,"column":13}},"loc":{"start":{"line":43,"column":18},"end":{"line":45,"column":3}},"line":43}},"branchMap":{"0":{"loc":{"start":{"line":85,"column":11},"end":{"line":90,"column":11}},"type":"binary-expr","locations":[{"start":{"line":85,"column":11},"end":{"line":85,"column":20}},{"start":{"line":86,"column":12},"end":{"line":89,"column":14}}],"line":85},"1":{"loc":{"start":{"line":98,"column":11},"end":{"line":98,"column":58}},"type":"binary-expr","locations":[{"start":{"line":98,"column":11},"end":{"line":98,"column":19}},{"start":{"line":98,"column":23},"end":{"line":98,"column":58}}],"line":98}},"s":{"0":1,"1":1,"2":1,"3":1,"4":1,"5":1,"6":0,"7":0,"8":0,"9":1,"10":2,"11":2,"12":0,"13":0,"14":0,"15":1,"16":1,"17":1,"18":1,"19":1,"20":1},"f":{"0":1,"1":1,"2":2,"3":1,"4":1},"b":{"0":[1,0],"1":[1,0]},"_coverageSchema":"1a1c01bbd47fc00a2c39e90264f33305004495a9","hash":"7ff4e89a74072e888807c3113910892c6a417050"}
}
