TN:
SF:src/App.js
FN:11,(anonymous_0)
FN:15,(anonymous_1)
FNF:2
FNH:1
FNDA:1,(anonymous_0)
FNDA:0,(anonymous_1)
DA:11,1
DA:12,1
DA:13,1
DA:15,1
DA:17,0
DA:19,0
DA:20,0
DA:21,0
DA:23,0
DA:26,1
LF:10
LH:5
BRDA:28,0,0,0
BRDA:28,0,1,1
BRF:2
BRH:1
end_of_record
TN:
SF:src/components/Navbar.js
FN:13,(anonymous_0)
FN:34,Navbar
FN:38,(anonymous_2)
FN:66,(anonymous_3)
FNF:4
FNH:2
FNDA:1,(anonymous_0)
FNDA:1,Navbar
FNDA:0,(anonymous_2)
FNDA:0,(anonymous_3)
DA:13,1
DA:35,1
DA:38,1
DA:39,0
DA:40,0
DA:43,0
DA:44,0
DA:45,0
DA:49,1
DA:66,0
LF:10
LH:4
BRDA:43,0,0,0
BRDA:43,0,1,0
BRF:2
BRH:0
end_of_record
TN:
SF:src/components/table.js
FN:60,GlobalFilter
FN:67,(anonymous_1)
FN:74,(anonymous_2)
FN:93,Table
FN:148,(anonymous_4)
FN:150,(anonymous_5)
FN:159,(anonymous_6)
FN:163,(anonymous_7)
FN:192,(anonymous_8)
FN:195,(anonymous_9)
FN:198,(anonymous_10)
FN:202,(anonymous_11)
FNF:12
FNH:1
FNDA:0,GlobalFilter
FNDA:0,(anonymous_1)
FNDA:0,(anonymous_2)
FNDA:8,Table
FNDA:0,(anonymous_4)
FNDA:0,(anonymous_5)
FNDA:0,(anonymous_6)
FNDA:0,(anonymous_7)
FNDA:0,(anonymous_8)
FNDA:0,(anonymous_9)
FNDA:0,(anonymous_10)
FNDA:0,(anonymous_11)
DA:13,9
DA:65,0
DA:66,0
DA:67,0
DA:68,0
DA:71,0
DA:75,0
DA:76,0
DA:113,8
DA:129,0
DA:149,0
DA:151,0
DA:160,0
DA:161,0
DA:165,0
DA:166,0
DA:168,0
DA:192,0
DA:195,0
DA:198,0
DA:202,0
LF:21
LH:2
BRDA:68,0,0,0
BRDA:68,0,1,0
BRDA:73,1,0,0
BRDA:73,1,1,0
BRDA:93,2,0,0
BRDA:165,3,0,0
BRDA:165,3,1,0
BRDA:165,4,0,0
BRDA:165,4,1,0
BRF:9
BRH:0
end_of_record
TN:
SF:src/components/admin/bikeAdminTable.js
FN:6,(anonymous_0)
FN:8,(anonymous_1)
FN:27,(anonymous_2)
FN:30,(anonymous_3)
FNF:4
FNH:2
FNDA:2,(anonymous_0)
FNDA:1,(anonymous_1)
FNDA:0,(anonymous_2)
FNDA:0,(anonymous_3)
DA:6,4
DA:7,2
DA:8,1
DA:28,0
DA:30,0
DA:42,1
DA:44,1
LF:7
LH:5
BRF:0
BRH:0
end_of_record
TN:
SF:src/components/admin/bikeEditForm.js
FN:11,(anonymous_0)
FN:18,(anonymous_1)
FNF:2
FNH:0
FNDA:0,(anonymous_0)
FNDA:0,(anonymous_1)
DA:11,3
DA:12,0
DA:13,0
DA:14,0
DA:16,0
DA:18,0
DA:20,0
DA:26,0
DA:27,0
DA:30,0
DA:31,0
DA:32,0
DA:33,0
DA:35,0
DA:38,0
DA:43,0
LF:16
LH:1
BRDA:30,0,0,0
BRDA:30,0,1,0
BRDA:32,1,0,0
BRDA:32,1,1,0
BRF:4
BRH:0
end_of_record
TN:
SF:src/components/admin/riderAdminTable.js
FN:6,(anonymous_0)
FN:8,(anonymous_1)
FN:31,(anonymous_2)
FN:34,(anonymous_3)
FNF:4
FNH:2
FNDA:2,(anonymous_0)
FNDA:1,(anonymous_1)
FNDA:0,(anonymous_2)
FNDA:0,(anonymous_3)
DA:6,4
DA:7,2
DA:8,1
DA:32,0
DA:34,0
DA:46,1
DA:49,1
LF:7
LH:5
BRF:0
BRH:0
end_of_record
TN:
SF:src/components/admin/userAddForm.js
FN:15,(anonymous_0)
FN:22,(anonymous_1)
FN:26,(anonymous_2)
FNF:3
FNH:1
FNDA:2,(anonymous_0)
FNDA:0,(anonymous_1)
FNDA:0,(anonymous_2)
DA:15,4
DA:16,2
DA:17,2
DA:18,2
DA:20,2
DA:22,2
DA:23,0
DA:26,2
DA:28,0
DA:34,0
DA:35,0
DA:38,0
DA:39,0
DA:40,0
DA:41,0
DA:43,0
DA:46,0
DA:52,2
LF:18
LH:8
BRDA:38,0,0,0
BRDA:38,0,1,0
BRDA:40,1,0,0
BRDA:40,1,1,0
BRF:4
BRH:0
end_of_record
TN:
SF:src/components/admin/userEditForm.js
FN:14,(anonymous_0)
FN:24,(anonymous_1)
FN:50,(anonymous_2)
FNF:3
FNH:1
FNDA:2,(anonymous_0)
FNDA:0,(anonymous_1)
FNDA:0,(anonymous_2)
DA:14,4
DA:15,2
DA:16,0
DA:17,0
DA:20,0
DA:22,0
DA:24,0
DA:26,0
DA:34,0
DA:35,0
DA:38,0
DA:39,0
DA:40,0
DA:41,0
DA:43,0
DA:46,0
DA:50,0
DA:51,0
DA:54,0
LF:19
LH:2
BRDA:38,0,0,0
BRDA:38,0,1,0
BRDA:40,1,0,0
BRDA:40,1,1,0
BRF:4
BRH:0
end_of_record
TN:
SF:src/components/home/bikeInfoTable.js
FN:5,(anonymous_0)
FN:13,(anonymous_1)
FN:24,(anonymous_2)
FN:35,(anonymous_3)
FN:46,(anonymous_4)
FN:89,(anonymous_5)
FNF:6
FNH:3
FNDA:2,(anonymous_0)
FNDA:1,(anonymous_1)
FNDA:0,(anonymous_2)
FNDA:0,(anonymous_3)
FNDA:0,(anonymous_4)
FNDA:1,(anonymous_5)
DA:5,4
DA:6,2
DA:12,2
DA:13,1
DA:25,0
DA:36,0
DA:47,0
DA:89,1
DA:91,1
LF:9
LH:6
BRDA:37,0,0,0
BRDA:37,0,1,0
BRDA:48,1,0,0
BRDA:48,1,1,0
BRF:4
BRH:0
end_of_record
TN:
SF:src/components/home/fleetMap.js
FN:20,(anonymous_0)
FN:31,(anonymous_1)
FN:44,(anonymous_2)
FN:45,(anonymous_3)
FN:51,(anonymous_4)
FN:71,(anonymous_5)
FN:82,(anonymous_6)
FN:108,(anonymous_7)
FNF:8
FNH:0
FNDA:0,(anonymous_0)
FNDA:0,(anonymous_1)
FNDA:0,(anonymous_2)
FNDA:0,(anonymous_3)
FNDA:0,(anonymous_4)
FNDA:0,(anonymous_5)
FNDA:0,(anonymous_6)
FNDA:0,(anonymous_7)
DA:20,4
DA:21,0
DA:22,0
DA:23,0
DA:24,0
DA:26,0
DA:30,4
DA:32,0
DA:34,0
DA:39,0
DA:44,0
DA:45,0
DA:46,0
DA:47,0
DA:50,0
DA:51,0
DA:52,0
DA:68,0
DA:72,0
DA:83,0
DA:109,0
LF:21
LH:2
BRDA:21,0,0,0
BRDA:21,0,1,0
BRDA:23,1,0,0
BRDA:23,1,1,0
BRDA:46,2,0,0
BRDA:46,2,1,0
BRDA:106,3,0,0
BRDA:106,3,1,0
BRDA:119,4,0,0
BRDA:119,4,1,0
BRF:10
BRH:0
end_of_record
TN:
SF:src/components/home/reportsTable.js
FN:6,(anonymous_0)
FN:8,(anonymous_1)
FN:36,(anonymous_2)
FN:47,(anonymous_3)
FN:50,(anonymous_4)
FNF:5
FNH:2
FNDA:2,(anonymous_0)
FNDA:1,(anonymous_1)
FNDA:0,(anonymous_2)
FNDA:0,(anonymous_3)
FNDA:0,(anonymous_4)
DA:6,4
DA:7,2
DA:8,1
DA:37,0
DA:38,0
DA:40,0
DA:48,0
DA:51,0
DA:64,1
DA:65,1
LF:10
LH:5
BRDA:37,0,0,0
BRDA:37,0,1,0
BRF:2
BRH:0
end_of_record
TN:
SF:src/components/rounds/roundsTable.js
FN:7,(anonymous_0)
FN:15,(anonymous_1)
FN:26,(anonymous_2)
FN:36,(anonymous_3)
FN:63,(anonymous_4)
FN:64,(anonymous_5)
FN:75,(anonymous_6)
FNF:7
FNH:0
FNDA:0,(anonymous_0)
FNDA:0,(anonymous_1)
FNDA:0,(anonymous_2)
FNDA:0,(anonymous_3)
FNDA:0,(anonymous_4)
FNDA:0,(anonymous_5)
FNDA:0,(anonymous_6)
DA:7,2
DA:8,0
DA:14,0
DA:15,0
DA:27,0
DA:37,0
DA:38,0
DA:39,0
DA:40,0
DA:41,0
DA:64,0
DA:75,0
DA:76,0
LF:13
LH:1
BRF:0
BRH:0
end_of_record
TN:
SF:src/components/rounds/stopsMap.js
FN:13,(anonymous_0)
FN:21,(anonymous_1)
FNF:2
FNH:0
FNDA:0,(anonymous_0)
FNDA:0,(anonymous_1)
DA:12,2
DA:14,0
DA:19,0
DA:22,0
LF:4
LH:1
BRF:0
BRH:0
end_of_record
TN:
SF:src/components/rounds/stopsTable.js
FN:6,(anonymous_0)
FN:14,(anonymous_1)
FN:55,(anonymous_2)
FNF:3
FNH:0
FNDA:0,(anonymous_0)
FNDA:0,(anonymous_1)
FNDA:0,(anonymous_2)
DA:6,2
DA:7,0
DA:13,0
DA:14,0
DA:56,0
DA:73,0
DA:75,0
LF:7
LH:1
BRF:0
BRH:0
end_of_record
TN:
SF:src/pages/admin.js
FN:11,(anonymous_0)
FN:24,(anonymous_1)
FN:37,(anonymous_2)
FN:50,(anonymous_3)
FN:56,toggleBikeForm
FN:60,toggleUserForm
FN:64,toggleBikeEdit
FN:71,toggleUserEdit
FNF:8
FNH:4
FNDA:1,(anonymous_0)
FNDA:1,(anonymous_1)
FNDA:1,(anonymous_2)
FNDA:1,(anonymous_3)
FNDA:0,toggleBikeForm
FNDA:0,toggleUserForm
FNDA:0,toggleBikeEdit
FNDA:0,toggleUserEdit
DA:11,3
DA:12,1
DA:13,1
DA:15,1
DA:16,1
DA:18,1
DA:19,1
DA:21,1
DA:22,1
DA:24,1
DA:25,1
DA:26,1
DA:29,0
DA:30,0
DA:31,0
DA:33,0
DA:37,1
DA:38,1
DA:39,1
DA:42,0
DA:43,0
DA:44,0
DA:46,0
DA:50,1
DA:51,1
DA:52,1
DA:53,1
DA:57,0
DA:61,0
DA:65,0
DA:66,0
DA:68,0
DA:72,0
DA:73,0
DA:75,0
DA:78,1
LF:36
LH:20
BRDA:65,0,0,0
BRDA:65,0,1,0
BRDA:72,1,0,0
BRDA:72,1,1,0
BRDA:97,2,0,1
BRDA:97,2,1,0
BRDA:119,3,0,1
BRDA:119,3,1,0
BRDA:119,3,2,0
BRDA:135,4,0,1
BRDA:135,4,1,0
BRDA:157,5,0,1
BRDA:157,5,1,0
BRDA:157,5,2,0
BRF:14
BRH:4
end_of_record
TN:
SF:src/pages/home.js
FN:7,Home
FN:11,(anonymous_1)
FN:23,(anonymous_2)
FN:35,(anonymous_3)
FN:38,(anonymous_4)
FN:44,(anonymous_5)
FNF:6
FNH:5
FNDA:2,Home
FNDA:2,(anonymous_1)
FNDA:2,(anonymous_2)
FNDA:2,(anonymous_3)
FNDA:0,(anonymous_4)
FNDA:2,(anonymous_5)
DA:8,2
DA:9,2
DA:11,2
DA:12,2
DA:13,2
DA:16,0
DA:17,0
DA:19,0
DA:23,2
DA:24,2
DA:25,2
DA:28,0
DA:29,0
DA:31,0
DA:35,2
DA:36,2
DA:37,2
DA:38,2
DA:39,0
DA:40,0
DA:41,0
DA:44,2
DA:47,2
LF:23
LH:14
BRDA:89,0,0,2
BRDA:89,0,1,0
BRDA:93,1,0,2
BRDA:93,1,1,0
BRF:4
BRH:2
end_of_record
TN:
SF:src/pages/rounds.js
FN:6,Rounds
FN:11,(anonymous_1)
FN:23,(anonymous_2)
FN:38,(anonymous_3)
FN:43,(anonymous_4)
FNF:5
FNH:5
FNDA:1,Rounds
FNDA:1,(anonymous_1)
FNDA:2,(anonymous_2)
FNDA:1,(anonymous_3)
FNDA:1,(anonymous_4)
DA:7,1
DA:8,1
DA:9,1
DA:11,1
DA:12,1
DA:13,1
DA:16,0
DA:17,0
DA:19,0
DA:23,1
DA:24,2
DA:25,2
DA:31,0
DA:32,0
DA:34,0
DA:38,1
DA:39,1
DA:40,1
DA:43,1
DA:44,1
DA:47,1
LF:21
LH:15
BRDA:85,0,0,1
BRDA:85,0,1,0
BRDA:98,1,0,1
BRDA:98,1,1,0
BRF:4
BRH:2
end_of_record
